<?xml version="1.0" encoding="UTF-8"?>
<!-- Generated by org.testng.reporters.JUnitXMLReporter -->
<testsuite ignored="2" hostname="LAPTOP-S80L74PF" failures="0" tests="1" name="Default test" time="9.715" errors="0" timestamp="2026-04-14T20:18:46 IST">
  <testcase classname="tests.WidgetsTest" name="testDatePicker" time="5.07"/>
  <testcase classname="tests.WidgetsTest" name="testSlider" time="0.0">
    <ignored/>
  </testcase> <!-- testSlider -->
  <testcase classname="tests.WidgetsTest" name="testAccordian" time="0.0">
    <ignored/>
  </testcase> <!-- testAccordian -->
</testsuite> <!-- Default test -->
