<?xml version="1.0" encoding="UTF-8"?>
<!-- Generated by org.testng.reporters.JUnitXMLReporter -->
<testsuite ignored="0" hostname="LAPTOP-S80L74PF" failures="0" tests="4" name="Forms" time="53.986" errors="0" timestamp="2026-04-14T22:33:31 IST">
  <testcase classname="tests.FormTest" name="testEmptyForm" time="8.668"/>
  <testcase classname="tests.FormTest" name="testFormSubmission" time="5.244"/>
  <testcase classname="tests.FormTest" name="testFormSubmission" time="5.395"/>
  <testcase classname="tests.FormTest" name="testFormSubmission" time="6.535"/>
</testsuite> <!-- Forms -->
