<?xml version="1.0" encoding="UTF-8"?>
<!-- Generated by org.testng.reporters.JUnitXMLReporter -->
<testsuite ignored="0" hostname="LAPTOP-S80L74PF" failures="0" tests="6" name="Others" time="50.8" errors="0" timestamp="2026-04-14T22:34:22 IST">
  <testcase classname="tests.WidgetsTest" name="testAccordian" time="1.349"/>
  <testcase classname="tests.WidgetsTest" name="testDatePicker" time="6.104"/>
  <testcase classname="tests.WidgetsTest" name="testSlider" time="0.699"/>
  <testcase classname="tests.WindowTest" name="newTab" time="1.617"/>
  <testcase classname="tests.FramesTest" name="testFrame" time="4.838"/>
  <testcase classname="tests.FramesTest" name="verifyNestedFrame" time="1.86"/>
</testsuite> <!-- Others -->
