<?xml version="1.0" encoding="UTF-8"?>
<!-- Generated by org.testng.reporters.JUnitXMLReporter -->
<testsuite ignored="0" hostname="LAPTOP-S80L74PF" failures="0" tests="4" name="WebTables" time="56.213" errors="0" timestamp="2026-04-14T22:33:32 IST">
  <testcase classname="tests.WebTableTest" name="testAddRecord" time="10.178"/>
  <testcase classname="tests.WebTableTest" name="testDeleteRecord" time="16.033"/>
  <testcase classname="tests.WebTableTest" name="testPagination" time="3.157"/>
  <testcase classname="tests.WebTableTest" name="testSearchRecord" time="3.041"/>
</testsuite> <!-- WebTables -->
