<?xml version="1.0" encoding="UTF-8"?>
<testng-results ignored="0" total="14" passed="14" failed="0" skipped="0">
  <reporter-output>
  </reporter-output>
  <suite started-at="2026-04-14T22:32:36 IST" name="Suite" finished-at="2026-04-14T22:34:22 IST" duration-ms="106188">
    <groups>
    </groups>
    <test started-at="2026-04-14T22:32:36 IST" name="Forms" finished-at="2026-04-14T22:33:30 IST" duration-ms="53986">
      <class name="tests.FormTest">
        <test-method is-config="true" signature="setup()[pri:0, instance:tests.FormTest@1e16c0aa]" started-at="2026-04-14T22:32:36 IST" name="setup" finished-at="2026-04-14T22:32:46 IST" duration-ms="10086" status="PASS">
          <reporter-output>
          </reporter-output>
        </test-method> <!-- setup -->
        <test-method signature="testEmptyForm()[pri:0, instance:tests.FormTest@1e16c0aa]" started-at="2026-04-14T22:32:46 IST" name="testEmptyForm" finished-at="2026-04-14T22:32:55 IST" duration-ms="8668" status="PASS">
          <reporter-output>
          </reporter-output>
        </test-method> <!-- testEmptyForm -->
        <test-method is-config="true" signature="teardown()[pri:0, instance:tests.FormTest@1e16c0aa]" started-at="2026-04-14T22:32:55 IST" name="teardown" finished-at="2026-04-14T22:32:57 IST" duration-ms="2191" status="PASS">
          <reporter-output>
          </reporter-output>
        </test-method> <!-- teardown -->
        <test-method is-config="true" signature="setup()[pri:0, instance:tests.FormTest@1e16c0aa]" started-at="2026-04-14T22:32:59 IST" name="setup" finished-at="2026-04-14T22:33:04 IST" duration-ms="4981" status="PASS">
          <reporter-output>
          </reporter-output>
        </test-method> <!-- setup -->
        <test-method signature="testFormSubmission(java.lang.String,java.lang.String,java.lang.String,java.lang.String,java.lang.String,java.lang.String)[pri:0, instance:tests.FormTest@1e16c0aa]" started-at="2026-04-14T22:33:04 IST" name="testFormSubmission" data-provider="formData" finished-at="2026-04-14T22:33:10 IST" duration-ms="5244" status="PASS">
          <params>
            <param index="0">
              <value>
                <![CDATA[Vaishnavi]]>
              </value>
            </param>
            <param index="1">
              <value>
                <![CDATA[Perumalla]]>
              </value>
            </param>
            <param index="2">
              <value>
                <![CDATA[vaishnavi@gmail.com]]>
              </value>
            </param>
            <param index="3">
              <value>
                <![CDATA[9876543210]]>
              </value>
            </param>
            <param index="4">
              <value>
                <![CDATA[Female]]>
              </value>
            </param>
            <param index="5">
              <value>
                <![CDATA[Reading]]>
              </value>
            </param>
          </params>
          <reporter-output>
          </reporter-output>
        </test-method> <!-- testFormSubmission -->
        <test-method is-config="true" signature="teardown()[pri:0, instance:tests.FormTest@1e16c0aa]" started-at="2026-04-14T22:33:10 IST" name="teardown" finished-at="2026-04-14T22:33:10 IST" duration-ms="416" status="PASS">
          <reporter-output>
          </reporter-output>
        </test-method> <!-- teardown -->
        <test-method is-config="true" signature="setup()[pri:0, instance:tests.FormTest@1e16c0aa]" started-at="2026-04-14T22:33:10 IST" name="setup" finished-at="2026-04-14T22:33:13 IST" duration-ms="3251" status="PASS">
          <reporter-output>
          </reporter-output>
        </test-method> <!-- setup -->
        <test-method signature="testFormSubmission(java.lang.String,java.lang.String,java.lang.String,java.lang.String,java.lang.String,java.lang.String)[pri:0, instance:tests.FormTest@1e16c0aa]" started-at="2026-04-14T22:33:13 IST" name="testFormSubmission" data-provider="formData" finished-at="2026-04-14T22:33:19 IST" duration-ms="5395" status="PASS">
          <params>
            <param index="0">
              <value>
                <![CDATA[Rahul]]>
              </value>
            </param>
            <param index="1">
              <value>
                <![CDATA[Sharma]]>
              </value>
            </param>
            <param index="2">
              <value>
                <![CDATA[rahul.sharma@mail.com]]>
              </value>
            </param>
            <param index="3">
              <value>
                <![CDATA[9123456780]]>
              </value>
            </param>
            <param index="4">
              <value>
                <![CDATA[Male]]>
              </value>
            </param>
            <param index="5">
              <value>
                <![CDATA[Sports]]>
              </value>
            </param>
          </params>
          <reporter-output>
          </reporter-output>
        </test-method> <!-- testFormSubmission -->
        <test-method is-config="true" signature="teardown()[pri:0, instance:tests.FormTest@1e16c0aa]" started-at="2026-04-14T22:33:19 IST" name="teardown" finished-at="2026-04-14T22:33:19 IST" duration-ms="604" status="PASS">
          <reporter-output>
          </reporter-output>
        </test-method> <!-- teardown -->
        <test-method is-config="true" signature="setup()[pri:0, instance:tests.FormTest@1e16c0aa]" started-at="2026-04-14T22:33:19 IST" name="setup" finished-at="2026-04-14T22:33:23 IST" duration-ms="3930" status="PASS">
          <reporter-output>
          </reporter-output>
        </test-method> <!-- setup -->
        <test-method signature="testFormSubmission(java.lang.String,java.lang.String,java.lang.String,java.lang.String,java.lang.String,java.lang.String)[pri:0, instance:tests.FormTest@1e16c0aa]" started-at="2026-04-14T22:33:23 IST" name="testFormSubmission" data-provider="formData" finished-at="2026-04-14T22:33:30 IST" duration-ms="6535" status="PASS">
          <params>
            <param index="0">
              <value>
                <![CDATA[Ananya]]>
              </value>
            </param>
            <param index="1">
              <value>
                <![CDATA[Singh]]>
              </value>
            </param>
            <param index="2">
              <value>
                <![CDATA[ananya.singh@mail.com]]>
              </value>
            </param>
            <param index="3">
              <value>
                <![CDATA[9012345678]]>
              </value>
            </param>
            <param index="4">
              <value>
                <![CDATA[Female]]>
              </value>
            </param>
            <param index="5">
              <value>
                <![CDATA[Music]]>
              </value>
            </param>
          </params>
          <reporter-output>
          </reporter-output>
        </test-method> <!-- testFormSubmission -->
        <test-method is-config="true" signature="teardown()[pri:0, instance:tests.FormTest@1e16c0aa]" started-at="2026-04-14T22:33:30 IST" name="teardown" finished-at="2026-04-14T22:33:30 IST" duration-ms="341" status="PASS">
          <reporter-output>
          </reporter-output>
        </test-method> <!-- teardown -->
      </class> <!-- tests.FormTest -->
    </test> <!-- Forms -->
    <test started-at="2026-04-14T22:32:36 IST" name="WebTables" finished-at="2026-04-14T22:33:32 IST" duration-ms="56213">
      <class name="tests.WebTableTest">
        <test-method is-config="true" signature="setup()[pri:0, instance:tests.WebTableTest@1ec9bd38]" started-at="2026-04-14T22:32:36 IST" name="setup" finished-at="2026-04-14T22:32:46 IST" duration-ms="10086" status="PASS">
          <reporter-output>
          </reporter-output>
        </test-method> <!-- setup -->
        <test-method signature="testAddRecord()[pri:0, instance:tests.WebTableTest@1ec9bd38]" started-at="2026-04-14T22:32:46 IST" name="testAddRecord" finished-at="2026-04-14T22:32:56 IST" duration-ms="10178" status="PASS">
          <reporter-output>
          </reporter-output>
        </test-method> <!-- testAddRecord -->
        <test-method is-config="true" signature="teardown()[pri:0, instance:tests.WebTableTest@1ec9bd38]" started-at="2026-04-14T22:32:56 IST" name="teardown" finished-at="2026-04-14T22:32:57 IST" duration-ms="715" status="PASS">
          <reporter-output>
          </reporter-output>
        </test-method> <!-- teardown -->
        <test-method is-config="true" signature="setup()[pri:0, instance:tests.WebTableTest@1ec9bd38]" started-at="2026-04-14T22:32:57 IST" name="setup" finished-at="2026-04-14T22:33:00 IST" duration-ms="2508" status="PASS">
          <reporter-output>
          </reporter-output>
        </test-method> <!-- setup -->
        <test-method signature="testDeleteRecord()[pri:0, instance:tests.WebTableTest@1ec9bd38]" started-at="2026-04-14T22:33:00 IST" name="testDeleteRecord" finished-at="2026-04-14T22:33:16 IST" duration-ms="16033" status="PASS">
          <reporter-output>
          </reporter-output>
        </test-method> <!-- testDeleteRecord -->
        <test-method is-config="true" signature="teardown()[pri:0, instance:tests.WebTableTest@1ec9bd38]" started-at="2026-04-14T22:33:16 IST" name="teardown" finished-at="2026-04-14T22:33:17 IST" duration-ms="1292" status="PASS">
          <reporter-output>
          </reporter-output>
        </test-method> <!-- teardown -->
        <test-method is-config="true" signature="setup()[pri:0, instance:tests.WebTableTest@1ec9bd38]" started-at="2026-04-14T22:33:17 IST" name="setup" finished-at="2026-04-14T22:33:21 IST" duration-ms="3656" status="PASS">
          <reporter-output>
          </reporter-output>
        </test-method> <!-- setup -->
        <test-method signature="testPagination()[pri:0, instance:tests.WebTableTest@1ec9bd38]" started-at="2026-04-14T22:33:21 IST" name="testPagination" finished-at="2026-04-14T22:33:24 IST" duration-ms="3157" status="PASS">
          <reporter-output>
          </reporter-output>
        </test-method> <!-- testPagination -->
        <test-method is-config="true" signature="teardown()[pri:0, instance:tests.WebTableTest@1ec9bd38]" started-at="2026-04-14T22:33:24 IST" name="teardown" finished-at="2026-04-14T22:33:25 IST" duration-ms="753" status="PASS">
          <reporter-output>
          </reporter-output>
        </test-method> <!-- teardown -->
        <test-method is-config="true" signature="setup()[pri:0, instance:tests.WebTableTest@1ec9bd38]" started-at="2026-04-14T22:33:25 IST" name="setup" finished-at="2026-04-14T22:33:29 IST" duration-ms="4133" status="PASS">
          <reporter-output>
          </reporter-output>
        </test-method> <!-- setup -->
        <test-method signature="testSearchRecord()[pri:0, instance:tests.WebTableTest@1ec9bd38]" started-at="2026-04-14T22:33:29 IST" name="testSearchRecord" finished-at="2026-04-14T22:33:32 IST" duration-ms="3041" status="PASS">
          <reporter-output>
          </reporter-output>
        </test-method> <!-- testSearchRecord -->
        <test-method is-config="true" signature="teardown()[pri:0, instance:tests.WebTableTest@1ec9bd38]" started-at="2026-04-14T22:33:32 IST" name="teardown" finished-at="2026-04-14T22:33:32 IST" duration-ms="548" status="PASS">
          <reporter-output>
          </reporter-output>
        </test-method> <!-- teardown -->
      </class> <!-- tests.WebTableTest -->
    </test> <!-- WebTables -->
    <test started-at="2026-04-14T22:33:31 IST" name="Others" finished-at="2026-04-14T22:34:22 IST" duration-ms="50800">
      <class name="tests.FramesTest">
        <test-method is-config="true" signature="setup()[pri:0, instance:tests.FramesTest@75c56eb9]" started-at="2026-04-14T22:34:04 IST" name="setup" finished-at="2026-04-14T22:34:06 IST" duration-ms="2070" status="PASS">
          <reporter-output>
          </reporter-output>
        </test-method> <!-- setup -->
        <test-method signature="testFrame()[pri:0, instance:tests.FramesTest@75c56eb9]" started-at="2026-04-14T22:34:06 IST" name="testFrame" finished-at="2026-04-14T22:34:11 IST" duration-ms="4838" status="PASS">
          <reporter-output>
          </reporter-output>
        </test-method> <!-- testFrame -->
        <test-method is-config="true" signature="teardown()[pri:0, instance:tests.FramesTest@75c56eb9]" started-at="2026-04-14T22:34:11 IST" name="teardown" finished-at="2026-04-14T22:34:12 IST" duration-ms="462" status="PASS">
          <reporter-output>
          </reporter-output>
        </test-method> <!-- teardown -->
        <test-method is-config="true" signature="setup()[pri:0, instance:tests.FramesTest@75c56eb9]" started-at="2026-04-14T22:34:12 IST" name="setup" finished-at="2026-04-14T22:34:20 IST" duration-ms="8628" status="PASS">
          <reporter-output>
          </reporter-output>
        </test-method> <!-- setup -->
        <test-method signature="verifyNestedFrame()[pri:0, instance:tests.FramesTest@75c56eb9]" started-at="2026-04-14T22:34:20 IST" name="verifyNestedFrame" finished-at="2026-04-14T22:34:22 IST" duration-ms="1860" status="PASS">
          <reporter-output>
          </reporter-output>
        </test-method> <!-- verifyNestedFrame -->
        <test-method is-config="true" signature="teardown()[pri:0, instance:tests.FramesTest@75c56eb9]" started-at="2026-04-14T22:34:22 IST" name="teardown" finished-at="2026-04-14T22:34:22 IST" duration-ms="269" status="PASS">
          <reporter-output>
          </reporter-output>
        </test-method> <!-- teardown -->
      </class> <!-- tests.FramesTest -->
      <class name="tests.WidgetsTest">
        <test-method is-config="true" signature="setup()[pri:0, instance:tests.WidgetsTest@4b2c5e02]" started-at="2026-04-14T22:33:31 IST" name="setup" finished-at="2026-04-14T22:33:36 IST" duration-ms="4261" status="PASS">
          <reporter-output>
          </reporter-output>
        </test-method> <!-- setup -->
        <test-method signature="testAccordian()[pri:0, instance:tests.WidgetsTest@4b2c5e02]" started-at="2026-04-14T22:33:36 IST" name="testAccordian" finished-at="2026-04-14T22:33:37 IST" duration-ms="1349" status="PASS">
          <reporter-output>
          </reporter-output>
        </test-method> <!-- testAccordian -->
        <test-method is-config="true" signature="teardown()[pri:0, instance:tests.WidgetsTest@4b2c5e02]" started-at="2026-04-14T22:33:37 IST" name="teardown" finished-at="2026-04-14T22:33:38 IST" duration-ms="504" status="PASS">
          <reporter-output>
          </reporter-output>
        </test-method> <!-- teardown -->
        <test-method is-config="true" signature="setup()[pri:0, instance:tests.WidgetsTest@4b2c5e02]" started-at="2026-04-14T22:33:38 IST" name="setup" finished-at="2026-04-14T22:33:39 IST" duration-ms="1870" status="PASS">
          <reporter-output>
          </reporter-output>
        </test-method> <!-- setup -->
        <test-method signature="testDatePicker()[pri:0, instance:tests.WidgetsTest@4b2c5e02]" started-at="2026-04-14T22:33:39 IST" name="testDatePicker" finished-at="2026-04-14T22:33:46 IST" duration-ms="6104" status="PASS">
          <reporter-output>
          </reporter-output>
        </test-method> <!-- testDatePicker -->
        <test-method is-config="true" signature="teardown()[pri:0, instance:tests.WidgetsTest@4b2c5e02]" started-at="2026-04-14T22:33:46 IST" name="teardown" finished-at="2026-04-14T22:33:47 IST" duration-ms="1067" status="PASS">
          <reporter-output>
          </reporter-output>
        </test-method> <!-- teardown -->
        <test-method is-config="true" signature="setup()[pri:0, instance:tests.WidgetsTest@4b2c5e02]" started-at="2026-04-14T22:33:47 IST" name="setup" finished-at="2026-04-14T22:33:51 IST" duration-ms="4027" status="PASS">
          <reporter-output>
          </reporter-output>
        </test-method> <!-- setup -->
        <test-method signature="testSlider()[pri:0, instance:tests.WidgetsTest@4b2c5e02]" started-at="2026-04-14T22:33:51 IST" name="testSlider" finished-at="2026-04-14T22:33:51 IST" duration-ms="699" status="PASS">
          <reporter-output>
          </reporter-output>
        </test-method> <!-- testSlider -->
        <test-method is-config="true" signature="teardown()[pri:0, instance:tests.WidgetsTest@4b2c5e02]" started-at="2026-04-14T22:33:51 IST" name="teardown" finished-at="2026-04-14T22:33:52 IST" duration-ms="322" status="PASS">
          <reporter-output>
          </reporter-output>
        </test-method> <!-- teardown -->
      </class> <!-- tests.WidgetsTest -->
      <class name="tests.WindowTest">
        <test-method is-config="true" signature="setup()[pri:0, instance:tests.WindowTest@57a3e26a]" started-at="2026-04-14T22:33:52 IST" name="setup" finished-at="2026-04-14T22:34:02 IST" duration-ms="10433" status="PASS">
          <reporter-output>
          </reporter-output>
        </test-method> <!-- setup -->
        <test-method signature="newTab()[pri:0, instance:tests.WindowTest@57a3e26a]" started-at="2026-04-14T22:34:02 IST" name="newTab" finished-at="2026-04-14T22:34:04 IST" duration-ms="1617" status="PASS">
          <reporter-output>
          </reporter-output>
        </test-method> <!-- newTab -->
        <test-method is-config="true" signature="teardown()[pri:0, instance:tests.WindowTest@57a3e26a]" started-at="2026-04-14T22:34:04 IST" name="teardown" finished-at="2026-04-14T22:34:04 IST" duration-ms="387" status="PASS">
          <reporter-output>
          </reporter-output>
        </test-method> <!-- teardown -->
      </class> <!-- tests.WindowTest -->
    </test> <!-- Others -->
  </suite> <!-- Suite -->
</testng-results>
