<?xml version="1.0" encoding="UTF-8"?>
<!-- Generated by org.testng.reporters.JUnitReportReporter -->
<testsuite hostname="LAPTOP-S80L74PF" failures="0" tests="4" name="tests.WebTableTest" time="56.100" errors="0" timestamp="2026-04-14T22:34:23 IST" skipped="0">
  <testcase classname="tests.WebTableTest" name="testDeleteRecord" time="19.089"/>
  <testcase classname="tests.WebTableTest" name="testPagination" time="13.958"/>
  <testcase classname="tests.WebTableTest" name="testSearchRecord" time="8.466"/>
  <testcase classname="tests.WebTableTest" name="testAddRecord" time="14.587"/>
</testsuite> <!-- tests.WebTableTest -->
