<?xml version="1.0" encoding="UTF-8"?>
<!-- Generated by org.testng.reporters.JUnitReportReporter -->
<testsuite hostname="LAPTOP-S80L74PF" failures="0" tests="3" name="tests.WidgetsTest" time="20.203" errors="0" timestamp="2026-04-14T22:34:23 IST" skipped="0">
  <testcase classname="tests.WidgetsTest" name="testAccordian" time="5.880"/>
  <testcase classname="tests.WidgetsTest" name="testSlider" time="5.282"/>
  <testcase classname="tests.WidgetsTest" name="testDatePicker" time="9.041"/>
</testsuite> <!-- tests.WidgetsTest -->
