<?xml version="1.0" encoding="UTF-8"?>
<!-- Generated by org.testng.reporters.JUnitReportReporter -->
<testsuite hostname="LAPTOP-S80L74PF" failures="0" tests="4" name="tests.FormTest" time="51.642" errors="0" timestamp="2026-04-14T22:34:23 IST" skipped="0">
  <testcase classname="tests.FormTest" name="testFormSubmission" time="9.515"/>
  <testcase classname="tests.FormTest" name="testFormSubmission" time="10.202"/>
  <testcase classname="tests.FormTest" name="testFormSubmission" time="10.980"/>
  <testcase classname="tests.FormTest" name="testEmptyForm" time="20.945"/>
</testsuite> <!-- tests.FormTest -->
